<?xml version="1.0" encoding="UTF-8"?>
<!-- Generated by org.testng.reporters.JUnitXMLReporter -->
<testsuite ignored="0" hostname="LAPTOP-LPI8ANSO" failures="0" tests="8" name="Test" time="49.356" errors="0" timestamp="2024-02-13T18:09:06 IST">
  <testcase classname="functionality.Tc_car_001_Test" name="lamborghini" time="5.857"/>
  <testcase classname="system.Tc_tourist_001_Test" name="puri" time="5.669"/>
  <testcase classname="integration.Tc_beauty_001_Test" name="lakme" time="7.944"/>
  <testcase classname="functionality.Tc_car_002_Test" name="roysmotor" time="5.331"/>
  <testcase classname="system.Tc_tourist_002_Test" name="kasmir" time="13.236"/>
  <testcase classname="integration.Tc_beauty_002_Test" name="loreal" time="3.513"/>
  <testcase classname="functionality.Tc_car_003_Test" name="ferrari" time="4.555"/>
  <testcase classname="integration.Tc_beauty_003_Test" name="nykaa" time="3.198"/>
</testsuite> <!-- Test -->
