<?xml version="1.0" encoding="UTF-8"?>
<testng-results ignored="0" total="1" passed="1" failed="0" skipped="0">
  <reporter-output>
  </reporter-output>
  <suite started-at="2024-02-13T18:28:12 IST" name="Default suite" finished-at="2024-02-13T18:28:19 IST" duration-ms="7085">
    <groups>
    </groups>
    <test started-at="2024-02-13T18:28:12 IST" name="Default test" finished-at="2024-02-13T18:28:19 IST" duration-ms="7085">
      <class name="system.Tc_tourist_002_Test">
        <test-method signature="irctc()[pri:0, instance:system.Tc_tourist_002_Test@67f639d3]" started-at="2024-02-13T18:28:12 IST" name="irctc" finished-at="2024-02-13T18:28:19 IST" duration-ms="7040" status="PASS">
          <reporter-output>
          </reporter-output>
        </test-method> <!-- irctc -->
      </class> <!-- system.Tc_tourist_002_Test -->
    </test> <!-- Default test -->
  </suite> <!-- Default suite -->
</testng-results>
